
2026/03/03 (13:21:03) | ===> btop++ v.1.4.6
2026/03/03 (13:21:03) | WARNING: Intel GPU: Failed to initialize PMU

2026/03/03 (13:22:00) | ===> btop++ v.1.4.6
2026/03/03 (13:22:00) | WARNING: Intel GPU: Failed to initialize PMU

2026/03/03 (17:05:27) | ===> btop++ v.1.4.6
2026/03/03 (17:05:27) | WARNING: Intel GPU: Failed to initialize PMU

2026/03/03 (17:05:52) | ===> btop++ v.1.4.6
2026/03/03 (17:05:52) | WARNING: Intel GPU: Failed to initialize PMU

2026/03/03 (17:06:06) | ===> btop++ v.1.4.6
2026/03/03 (17:06:06) | WARNING: Intel GPU: Failed to initialize PMU

2026/03/03 (17:08:35) | ===> btop++ v.1.4.6
2026/03/03 (17:08:35) | WARNING: Intel GPU: Failed to initialize PMU

2026/03/03 (17:22:32) | ===> btop++ v.1.4.6
2026/03/03 (17:22:32) | WARNING: Intel GPU: Failed to initialize PMU

2026/03/03 (17:30:57) | ===> btop++ v.1.4.6
2026/03/03 (17:30:57) | WARNING: Intel GPU: Failed to initialize PMU

2026/03/03 (17:33:42) | ===> btop++ v.1.4.6
2026/03/03 (17:33:42) | WARNING: Intel GPU: Failed to initialize PMU

2026/03/03 (18:12:32) | ===> btop++ v.1.4.6
2026/03/03 (18:12:32) | WARNING: Intel GPU: Failed to initialize PMU

2026/03/03 (21:44:33) | ===> btop++ v.1.4.6
2026/03/03 (21:44:33) | WARNING: Intel GPU: Failed to initialize PMU

2026/03/03 (21:47:01) | ===> btop++ v.1.4.6
2026/03/03 (21:47:01) | WARNING: Intel GPU: Failed to initialize PMU

2026/03/03 (21:55:22) | ===> btop++ v.1.4.6
2026/03/03 (21:55:22) | WARNING: Intel GPU: Failed to initialize PMU

2026/03/03 (21:55:44) | ===> btop++ v.1.4.6
2026/03/03 (21:55:44) | WARNING: Intel GPU: Failed to initialize PMU

2026/03/03 (21:56:03) | ===> btop++ v.1.4.6
2026/03/03 (21:56:03) | WARNING: Intel GPU: Failed to initialize PMU

2026/03/03 (21:56:26) | ===> btop++ v.1.4.6
2026/03/03 (21:56:26) | WARNING: Intel GPU: Failed to initialize PMU

2026/03/03 (22:10:33) | ===> btop++ v.1.4.6
2026/03/03 (22:10:33) | WARNING: Intel GPU: Failed to initialize PMU

2026/03/04 (15:23:13) | ===> btop++ v.1.4.6
2026/03/04 (15:23:13) | ERROR: No tty detected!
btop++ needs an interactive shell to run.

2026/03/04 (15:26:20) | ===> btop++ v.1.4.6
2026/03/04 (15:26:20) | ERROR: No tty detected!
btop++ needs an interactive shell to run.

2026/03/04 (15:27:18) | ===> btop++ v.1.4.6
2026/03/04 (15:27:18) | ERROR: No tty detected!
btop++ needs an interactive shell to run.

2026/03/04 (15:28:03) | ===> btop++ v.1.4.6
2026/03/04 (15:28:03) | WARNING: Intel GPU: Failed to initialize PMU

2026/03/04 (15:28:49) | ===> btop++ v.1.4.6
2026/03/04 (15:28:49) | ERROR: No tty detected!
btop++ needs an interactive shell to run.

2026/03/04 (15:29:12) | ===> btop++ v.1.4.6
2026/03/04 (15:29:12) | WARNING: Intel GPU: Failed to initialize PMU

2026/03/04 (15:47:37) | ===> btop++ v.1.4.6
2026/03/04 (15:47:37) | WARNING: Intel GPU: Failed to initialize PMU

2026/03/04 (16:04:05) | ===> btop++ v.1.4.6
2026/03/04 (16:04:05) | WARNING: Intel GPU: Failed to initialize PMU

2026/03/04 (16:06:55) | ===> btop++ v.1.4.6
2026/03/04 (16:06:55) | WARNING: Intel GPU: Failed to initialize PMU

2026/03/04 (16:08:27) | ===> btop++ v.1.4.6
2026/03/04 (16:08:27) | WARNING: Intel GPU: Failed to initialize PMU

2026/03/04 (16:22:44) | ===> btop++ v.1.4.6
2026/03/04 (16:22:44) | WARNING: Intel GPU: Failed to initialize PMU

2026/03/04 (17:56:12) | ===> btop++ v.1.4.6
2026/03/04 (17:56:12) | WARNING: Intel GPU: Failed to initialize PMU

2026/03/04 (17:57:23) | ===> btop++ v.1.4.6
2026/03/04 (17:57:23) | WARNING: Intel GPU: Failed to initialize PMU

2026/03/04 (18:11:29) | ===> btop++ v.1.4.6
2026/03/04 (18:11:29) | WARNING: Intel GPU: Failed to initialize PMU

2026/03/04 (18:53:23) | ===> btop++ v.1.4.6
2026/03/04 (18:53:23) | WARNING: Intel GPU: Failed to initialize PMU

2026/03/04 (19:04:44) | ===> btop++ v.1.4.6
2026/03/04 (19:04:44) | WARNING: Intel GPU: Failed to initialize PMU

2026/03/04 (19:56:48) | ===> btop++ v.1.4.6
2026/03/04 (19:56:48) | WARNING: Intel GPU: Failed to initialize PMU

2026/03/05 (09:49:28) | ===> btop++ v.1.4.6
2026/03/05 (09:49:28) | WARNING: Intel GPU: Failed to initialize PMU

2026/03/05 (11:33:51) | ===> btop++ v.1.4.6
2026/03/05 (11:33:51) | WARNING: Intel GPU: Failed to initialize PMU

2026/03/05 (12:51:08) | ===> btop++ v.1.4.6
2026/03/05 (12:51:08) | WARNING: Intel GPU: Failed to initialize PMU

2026/03/05 (13:22:45) | ===> btop++ v.1.4.6
2026/03/05 (13:22:45) | WARNING: Intel GPU: Failed to initialize PMU

2026/03/05 (13:29:50) | ===> btop++ v.1.4.6
2026/03/05 (13:29:50) | WARNING: Intel GPU: Failed to initialize PMU

2026/03/05 (13:41:44) | ===> btop++ v.1.4.6
2026/03/05 (13:41:44) | WARNING: Intel GPU: Failed to initialize PMU

2026/03/07 (09:18:32) | ===> btop++ v.1.4.6
2026/03/07 (09:18:32) | WARNING: Intel GPU: Failed to initialize PMU

2026/03/07 (09:21:09) | ===> btop++ v.1.4.6
2026/03/07 (09:21:09) | WARNING: Intel GPU: Failed to initialize PMU

2026/03/08 (11:11:29) | ===> btop++ v.1.4.6
2026/03/08 (11:11:29) | WARNING: Intel GPU: Failed to initialize PMU

2026/03/08 (15:10:41) | ===> btop++ v.1.4.6
2026/03/08 (15:10:41) | WARNING: NVML: Failed to get maximum GPU power draw, defaulting to 225W: Not Supported
2026/03/08 (15:10:41) | WARNING: Intel GPU: Failed to initialize PMU

2026/03/08 (15:24:10) | ===> btop++ v.1.4.6
2026/03/08 (15:24:10) | WARNING: NVML: Failed to get maximum GPU power draw, defaulting to 225W: Not Supported
2026/03/08 (15:24:10) | WARNING: Intel GPU: Failed to initialize PMU

2026/03/08 (15:28:23) | ===> btop++ v.1.4.6
2026/03/08 (15:28:23) | WARNING: NVML: Failed to get maximum GPU power draw, defaulting to 225W: Not Supported
2026/03/08 (15:28:23) | WARNING: Intel GPU: Failed to initialize PMU

2026/03/08 (19:38:02) | ===> btop++ v.1.4.6
2026/03/08 (19:38:02) | WARNING: NVML: Failed to get maximum GPU power draw, defaulting to 225W: Not Supported
2026/03/08 (19:38:02) | WARNING: Intel GPU: Failed to initialize PMU

2026/03/09 (13:44:17) | ===> btop++ v.1.4.6
2026/03/09 (13:44:17) | WARNING: NVML: Failed to get maximum GPU power draw, defaulting to 225W: Not Supported
2026/03/09 (13:44:17) | WARNING: Intel GPU: Failed to initialize PMU

2026/03/09 (13:45:02) | ===> btop++ v.1.4.6
2026/03/09 (13:45:02) | WARNING: NVML: Failed to get maximum GPU power draw, defaulting to 225W: Not Supported
2026/03/09 (13:45:02) | WARNING: Intel GPU: Failed to initialize PMU

2026/03/09 (13:45:54) | ===> btop++ v.1.4.6
2026/03/09 (13:45:54) | WARNING: NVML: Failed to get maximum GPU power draw, defaulting to 225W: Not Supported
2026/03/09 (13:45:54) | WARNING: Intel GPU: Failed to initialize PMU

2026/03/09 (14:13:24) | ===> btop++ v.1.4.6
2026/03/09 (14:13:24) | WARNING: NVML: Failed to get maximum GPU power draw, defaulting to 225W: Not Supported
2026/03/09 (14:13:24) | WARNING: Intel GPU: Failed to initialize PMU

2026/03/09 (15:01:29) | ===> btop++ v.1.4.6
2026/03/09 (15:01:29) | WARNING: NVML: Failed to get maximum GPU power draw, defaulting to 225W: Not Supported
2026/03/09 (15:01:29) | WARNING: Intel GPU: Failed to initialize PMU

2026/03/09 (15:37:53) | ===> btop++ v.1.4.6
2026/03/09 (15:37:53) | WARNING: NVML: Failed to get maximum GPU power draw, defaulting to 225W: Not Supported
2026/03/09 (15:37:53) | WARNING: Intel GPU: Failed to initialize PMU

2026/03/09 (17:09:47) | ===> btop++ v.1.4.6
2026/03/09 (17:09:47) | WARNING: NVML: Failed to get maximum GPU power draw, defaulting to 225W: Not Supported
2026/03/09 (17:09:47) | WARNING: Intel GPU: Failed to initialize PMU

2026/03/09 (17:11:14) | ===> btop++ v.1.4.6
2026/03/09 (17:11:14) | WARNING: NVML: Failed to get maximum GPU power draw, defaulting to 225W: Not Supported
2026/03/09 (17:11:14) | WARNING: Intel GPU: Failed to initialize PMU

2026/03/09 (17:12:41) | ===> btop++ v.1.4.6
2026/03/09 (17:12:41) | WARNING: NVML: Failed to get maximum GPU power draw, defaulting to 225W: Not Supported
2026/03/09 (17:12:41) | WARNING: Intel GPU: Failed to initialize PMU

2026/03/09 (17:13:57) | ===> btop++ v.1.4.6
2026/03/09 (17:13:57) | WARNING: NVML: Failed to get maximum GPU power draw, defaulting to 225W: Not Supported
2026/03/09 (17:13:57) | WARNING: Intel GPU: Failed to initialize PMU

2026/03/09 (17:19:22) | ===> btop++ v.1.4.6
2026/03/09 (17:19:22) | WARNING: NVML: Failed to get maximum GPU power draw, defaulting to 225W: Not Supported
2026/03/09 (17:19:22) | WARNING: Intel GPU: Failed to initialize PMU

2026/03/09 (17:22:41) | ===> btop++ v.1.4.6
2026/03/09 (17:22:41) | WARNING: NVML: Failed to get maximum GPU power draw, defaulting to 225W: Not Supported
2026/03/09 (17:22:41) | WARNING: Intel GPU: Failed to initialize PMU

2026/03/09 (20:18:34) | ===> btop++ v.1.4.6
2026/03/09 (20:18:34) | WARNING: NVML: Failed to get maximum GPU power draw, defaulting to 225W: Not Supported
2026/03/09 (20:18:34) | WARNING: Intel GPU: Failed to initialize PMU

2026/03/09 (20:38:32) | ===> btop++ v.1.4.6
2026/03/09 (20:38:32) | WARNING: NVML: Failed to get maximum GPU power draw, defaulting to 225W: Not Supported
2026/03/09 (20:38:32) | WARNING: Intel GPU: Failed to initialize PMU

2026/03/09 (20:49:57) | ===> btop++ v.1.4.6
2026/03/09 (20:49:57) | WARNING: NVML: Failed to get maximum GPU power draw, defaulting to 225W: Not Supported
2026/03/09 (20:49:57) | WARNING: Intel GPU: Failed to initialize PMU

2026/03/10 (11:00:15) | ===> btop++ v.1.4.6
2026/03/10 (11:00:15) | WARNING: NVML: Failed to get maximum GPU power draw, defaulting to 225W: Not Supported
2026/03/10 (11:00:15) | WARNING: Intel GPU: Failed to initialize PMU

2026/03/10 (11:01:09) | ===> btop++ v.1.4.6
2026/03/10 (11:01:09) | WARNING: NVML: Failed to get maximum GPU power draw, defaulting to 225W: Not Supported
2026/03/10 (11:01:09) | WARNING: Intel GPU: Failed to initialize PMU

2026/03/10 (11:06:26) | ===> btop++ v.1.4.6
2026/03/10 (11:06:26) | WARNING: NVML: Failed to get maximum GPU power draw, defaulting to 225W: Not Supported
2026/03/10 (11:06:26) | WARNING: Intel GPU: Failed to initialize PMU

2026/03/11 (16:58:40) | ===> btop++ v.1.4.6
2026/03/11 (16:58:40) | WARNING: NVML: Failed to get maximum GPU power draw, defaulting to 225W: Not Supported
2026/03/11 (16:58:40) | WARNING: Intel GPU: Failed to initialize PMU

2026/03/11 (17:32:41) | ===> btop++ v.1.4.6
2026/03/11 (17:32:41) | WARNING: NVML: Failed to get maximum GPU power draw, defaulting to 225W: Not Supported
2026/03/11 (17:32:41) | WARNING: Intel GPU: Failed to initialize PMU

2026/03/11 (18:16:32) | ===> btop++ v.1.4.6
2026/03/11 (18:16:32) | WARNING: NVML: Failed to get maximum GPU power draw, defaulting to 225W: Not Supported
2026/03/11 (18:16:32) | WARNING: Intel GPU: Failed to initialize PMU

2026/03/11 (18:17:58) | ===> btop++ v.1.4.6
2026/03/11 (18:17:58) | WARNING: NVML: Failed to get maximum GPU power draw, defaulting to 225W: Not Supported
2026/03/11 (18:17:58) | WARNING: Intel GPU: Failed to initialize PMU

2026/03/11 (20:30:15) | ===> btop++ v.1.4.6
2026/03/11 (20:30:15) | WARNING: NVML: Failed to get maximum GPU power draw, defaulting to 225W: Not Supported
2026/03/11 (20:30:15) | WARNING: Intel GPU: Failed to initialize PMU

2026/03/11 (21:02:16) | ===> btop++ v.1.4.6
2026/03/11 (21:02:16) | WARNING: NVML: Failed to get maximum GPU power draw, defaulting to 225W: Not Supported
2026/03/11 (21:02:16) | WARNING: Intel GPU: Failed to initialize PMU

2026/03/11 (21:13:05) | ===> btop++ v.1.4.6
2026/03/11 (21:13:05) | WARNING: NVML: Failed to get maximum GPU power draw, defaulting to 225W: Not Supported
2026/03/11 (21:13:05) | WARNING: Intel GPU: Failed to initialize PMU

2026/03/11 (21:15:25) | ===> btop++ v.1.4.6
2026/03/11 (21:15:25) | WARNING: NVML: Failed to get maximum GPU power draw, defaulting to 225W: Not Supported
2026/03/11 (21:15:25) | WARNING: Intel GPU: Failed to initialize PMU

2026/03/12 (12:38:59) | ===> btop++ v.1.4.6
2026/03/12 (12:38:59) | WARNING: NVML: Failed to get maximum GPU power draw, defaulting to 225W: Not Supported
2026/03/12 (12:38:59) | WARNING: Intel GPU: Failed to initialize PMU

2026/03/12 (12:39:39) | ===> btop++ v.1.4.6
2026/03/12 (12:39:39) | WARNING: NVML: Failed to get maximum GPU power draw, defaulting to 225W: Not Supported
2026/03/12 (12:39:39) | WARNING: Intel GPU: Failed to initialize PMU

2026/03/13 (09:48:05) | ===> btop++ v.1.4.6
2026/03/13 (09:48:05) | WARNING: NVML: Failed to get maximum GPU power draw, defaulting to 225W: Not Supported
2026/03/13 (09:48:05) | WARNING: Intel GPU: Failed to initialize PMU

2026/03/13 (15:42:02) | ===> btop++ v.1.4.6
2026/03/13 (15:42:02) | WARNING: NVML: Failed to get maximum GPU power draw, defaulting to 225W: Not Supported
2026/03/13 (15:42:02) | WARNING: Intel GPU: Failed to initialize PMU

2026/03/13 (18:42:02) | ===> btop++ v.1.4.6
2026/03/13 (18:42:02) | WARNING: NVML: Failed to get maximum GPU power draw, defaulting to 225W: Not Supported
2026/03/13 (18:42:02) | WARNING: Intel GPU: Failed to initialize PMU

2026/03/14 (11:40:54) | ===> btop++ v.1.4.6
2026/03/14 (11:40:54) | WARNING: NVML: Failed to get maximum GPU power draw, defaulting to 225W: Not Supported
2026/03/14 (11:40:54) | WARNING: Intel GPU: Failed to initialize PMU

2026/03/14 (11:43:53) | ===> btop++ v.1.4.6
2026/03/14 (11:43:53) | WARNING: NVML: Failed to get maximum GPU power draw, defaulting to 225W: Not Supported
2026/03/14 (11:43:53) | WARNING: Intel GPU: Failed to initialize PMU

2026/03/14 (11:44:25) | ===> btop++ v.1.4.6
2026/03/14 (11:44:25) | WARNING: NVML: Failed to get maximum GPU power draw, defaulting to 225W: Not Supported
2026/03/14 (11:44:25) | WARNING: Intel GPU: Failed to initialize PMU

2026/03/14 (20:15:32) | ===> btop++ v.1.4.6
2026/03/14 (20:15:32) | WARNING: NVML: Failed to get maximum GPU power draw, defaulting to 225W: Not Supported
2026/03/14 (20:15:32) | WARNING: Intel GPU: Failed to initialize PMU
